<?xml version="1.0" encoding="UTF-8"?>
<!-- Generated by org.testng.reporters.JUnitReportReporter -->
<testsuite hostname="01DTP0037" name="com.sample.FrameWork.Login_TC" tests="3" failures="0" timestamp="19 Jul 2016 05:42:26 GMT" time="9.005" errors="0">
  <testcase name="TC_02_verifyLogin" time="5.641" classname="com.sample.FrameWork.Login_TC"/>
  <testcase name="TC_03_verifyLogout_button" time="0.599" classname="com.sample.FrameWork.Login_TC"/>
  <testcase name="TC_01_validate_Username_ErrorMessage" time="2.765" classname="com.sample.FrameWork.Login_TC"/>
</testsuite> <!-- com.sample.FrameWork.Login_TC -->
